\BOOKMARK [1][-]{section.0.1}{\376\377\000T\000h\000e\000\040\000p\000u\000r\000p\000o\000s\000e}{}% 1
\BOOKMARK [1][-]{section.0.2}{\376\377\000I\000m\000p\000o\000r\000t\000a\000n\000t\000\040\000s\000y\000m\000b\000o\000l\000s}{}% 2
\BOOKMARK [0][-]{chapter.1}{\376\377\000A\000r\000i\000t\000h\000m\000e\000t\000i\000c\000\040\000s\000e\000q\000u\000e\000n\000c\000e}{}% 3
\BOOKMARK [1][-]{section.1.1}{\376\377\000R\000e\000c\000u\000r\000s\000i\000v\000e\000\040\000d\000e\000f\000i\000n\000i\000t\000i\000o\000n}{chapter.1}% 4
\BOOKMARK [1][-]{section.1.2}{\376\377\000G\000e\000n\000e\000r\000a\000l\000\040\000e\000q\000u\000a\000t\000i\000o\000n}{chapter.1}% 5
\BOOKMARK [1][-]{section.1.3}{\376\377\000S\000u\000m\000\040\000o\000f\000\040\000a\000l\000l\000\040\000p\000r\000i\000o\000r\000\040\000a\000r\000i\000t\000h\000m\000e\000t\000i\000c\000\040\000s\000e\000q\000u\000e\000n\000c\000e}{chapter.1}% 6
\BOOKMARK [0][-]{chapter.2}{\376\377\000F\000u\000n\000c\000t\000i\000o\000n\000s}{}% 7
\BOOKMARK [0][-]{chapter.3}{\376\377\000I\000n\000t\000e\000r\000v\000a\000l\000\040\000n\000o\000t\000a\000t\000i\000o\000n}{}% 8
\BOOKMARK [0][-]{chapter.4}{\376\377\000R\000e\000l\000a\000t\000i\000o\000n\000s\000\040\000a\000n\000d\000\040\000F\000u\000n\000c\000t\000i\000o\000n\000s}{}% 9
\BOOKMARK [0][-]{chapter.5}{\376\377\000T\000r\000a\000n\000s\000f\000o\000r\000m\000a\000t\000i\000o\000n\000s}{}% 10
\BOOKMARK [1][-]{section.5.1}{\376\377\000D\000i\000l\000a\000t\000i\000o\000n\000s}{chapter.5}% 11
\BOOKMARK [1][-]{section.5.2}{\376\377\000R\000e\000f\000l\000e\000c\000t\000i\000o\000n\000s}{chapter.5}% 12
\BOOKMARK [1][-]{section.5.3}{\376\377\000T\000r\000a\000n\000s\000l\000a\000t\000i\000o\000n\000s}{chapter.5}% 13
\BOOKMARK [0][-]{chapter.6}{\376\377\000P\000i\000e\000c\000e\000w\000i\000s\000e\000\040\000f\000u\000n\000c\000t\000i\000o\000n\000s}{}% 14
\BOOKMARK [0][-]{chapter.7}{\376\377\000Q\000u\000a\000d\000r\000a\000t\000i\000c\000s}{}% 15
\BOOKMARK [1][-]{section.7.1}{\376\377\000G\000e\000n\000e\000r\000a\000l\000\040\000o\000r\000\040\000p\000o\000l\000y\000n\000o\000m\000i\000a\000l\000\040\000f\000o\000r\000m}{chapter.7}% 16
\BOOKMARK [1][-]{section.7.2}{\376\377\000T\000u\000r\000n\000i\000n\000g\000\040\000p\000o\000i\000n\000t\000\040\000f\000o\000r\000m}{chapter.7}% 17
\BOOKMARK [1][-]{section.7.3}{\376\377\000F\000a\000c\000t\000o\000r\000i\000z\000e\000d\000\040\000o\000r\000\040\000x\000-\000i\000n\000t\000e\000r\000c\000e\000p\000t\000\040\000f\000o\000r\000m}{chapter.7}% 18
\BOOKMARK [1][-]{section.7.4}{\376\377\000T\000h\000e\000\040\000d\000i\000s\000c\000r\000i\000m\000i\000n\000a\000n\000t}{chapter.7}% 19
\BOOKMARK [1][-]{section.7.5}{\376\377\000E\000q\000u\000a\000t\000i\000o\000n\000s\000\040\000f\000r\000o\000m\000\040\000g\000r\000a\000p\000h\000s}{chapter.7}% 20
\BOOKMARK [1][-]{section.7.6}{\376\377\000S\000o\000l\000v\000i\000n\000g\000\040\000q\000u\000a\000d\000r\000a\000t\000i\000c\000\040\000e\000q\000u\000a\000t\000i\000o\000n\000s}{chapter.7}% 21
\BOOKMARK [2][-]{subsection.7.6.1}{\376\377\000N\000u\000l\000l\000\040\000f\000a\000c\000t\000o\000r\000\040\000l\000a\000w}{section.7.6}% 22
\BOOKMARK [2][-]{subsection.7.6.2}{\376\377\000Q\000u\000a\000d\000r\000a\000t\000i\000c\000\040\000e\000q\000u\000a\000t\000i\000o\000n}{section.7.6}% 23
\BOOKMARK [2][-]{subsection.7.6.3}{\376\377\000C\000o\000m\000p\000l\000e\000t\000i\000n\000g\000\040\000t\000h\000e\000\040\000s\000q\000u\000a\000r\000e}{section.7.6}% 24
\BOOKMARK [0][-]{chapter.8}{\376\377\000F\000a\000c\000t\000o\000r\000i\000z\000i\000n\000g}{}% 25
\BOOKMARK [1][-]{section.8.1}{\376\377\000P\000e\000r\000f\000e\000c\000t\000\040\000s\000q\000u\000a\000r\000e\000s}{chapter.8}% 26
\BOOKMARK [1][-]{section.8.2}{\376\377\000D\000i\000f\000f\000e\000r\000e\000n\000c\000e\000\040\000o\000f\000\040\000s\000q\000u\000a\000r\000e\000s}{chapter.8}% 27
\BOOKMARK [1][-]{section.8.3}{\376\377\000E\000q\000u\000a\000t\000i\000o\000n\000s\000\040\000t\000h\000a\000t\000\040\000r\000e\000d\000u\000c\000e\000\040\000t\000o\000\040\000q\000u\000a\000d\000r\000a\000t\000i\000c\000\040\000f\000o\000r\000m}{chapter.8}% 28
\BOOKMARK [0][-]{chapter.9}{\376\377\000H\000y\000p\000e\000r\000b\000o\000l\000a\000s}{}% 29
\BOOKMARK [1][-]{section.9.1}{\376\377\000T\000r\000a\000n\000s\000f\000o\000r\000m\000a\000t\000i\000o\000n\000s}{chapter.9}% 30
\BOOKMARK [2][-]{subsection.9.1.1}{\376\377\000D\000i\000l\000a\000t\000i\000o\000n}{section.9.1}% 31
\BOOKMARK [2][-]{subsection.9.1.2}{\376\377\000T\000r\000a\000n\000s\000l\000a\000t\000i\000o\000n\000s}{section.9.1}% 32
\BOOKMARK [0][-]{chapter.10}{\376\377\000I\000n\000v\000e\000r\000s\000e\000\040\000p\000r\000o\000p\000o\000r\000t\000i\000o\000n}{}% 33
\BOOKMARK [0][-]{chapter.11}{\376\377\000C\000i\000r\000c\000l\000e\000s}{}% 34
\BOOKMARK [0][-]{chapter.12}{\376\377\000S\000i\000d\000e\000w\000a\000y\000s\000\040\000p\000a\000r\000a\000b\000o\000l\000a\000s}{}% 35
\BOOKMARK [0][-]{chapter.13}{\376\377\000P\000o\000l\000y\000n\000o\000m\000i\000a\000l\000s}{}% 36
\BOOKMARK [1][-]{section.13.1}{\376\377\000D\000i\000v\000i\000s\000i\000o\000n}{chapter.13}% 37
\BOOKMARK [1][-]{section.13.2}{\376\377\000R\000e\000m\000a\000i\000n\000d\000e\000r\000\040\000t\000h\000e\000o\000r\000e\000m}{chapter.13}% 38
\BOOKMARK [1][-]{section.13.3}{\376\377\000F\000a\000c\000t\000o\000r\000\040\000t\000h\000e\000o\000r\000e\000m}{chapter.13}% 39
\BOOKMARK [1][-]{section.13.4}{\376\377\000F\000a\000c\000t\000o\000r\000i\000z\000i\000n\000g\000\040\000p\000o\000l\000y\000n\000o\000m\000i\000a\000l\000s}{chapter.13}% 40
\BOOKMARK [0][-]{chapter.14}{\376\377\000P\000r\000o\000b\000a\000b\000i\000l\000i\000t\000i\000e\000s}{}% 41
\BOOKMARK [1][-]{section.14.1}{\376\377\000T\000e\000r\000m\000s}{chapter.14}% 42
\BOOKMARK [1][-]{section.14.2}{\376\377\000V\000e\000n\000n\000\040\000d\000i\000a\000g\000r\000a\000m\000s}{chapter.14}% 43
\BOOKMARK [1][-]{section.14.3}{\376\377\000A\000d\000d\000i\000t\000i\000o\000n}{chapter.14}% 44
\BOOKMARK [1][-]{section.14.4}{\376\377\000P\000r\000o\000b\000a\000b\000i\000l\000i\000t\000y\000\040\000t\000a\000b\000l\000e\000s}{chapter.14}% 45
\BOOKMARK [1][-]{section.14.5}{\376\377\000T\000r\000e\000e\000\040\000d\000i\000a\000g\000r\000a\000m\000s}{chapter.14}% 46
\BOOKMARK [1][-]{section.14.6}{\376\377\000C\000o\000n\000d\000i\000t\000i\000o\000n\000a\000l\000\040\000p\000r\000o\000b\000a\000b\000i\000l\000i\000t\000y}{chapter.14}% 47
\BOOKMARK [1][-]{section.14.7}{\376\377\000M\000u\000l\000t\000i\000p\000l\000i\000c\000a\000t\000i\000o\000n}{chapter.14}% 48
\BOOKMARK [1][-]{section.14.8}{\376\377\000I\000n\000d\000e\000p\000e\000n\000d\000e\000n\000c\000e}{chapter.14}% 49
\BOOKMARK [0][-]{chapter.15}{\376\377\000A\000d\000d\000i\000t\000i\000o\000n\000\040\000p\000r\000i\000n\000c\000i\000p\000l\000e}{}% 50
\BOOKMARK [0][-]{chapter.16}{\376\377\000M\000u\000l\000t\000i\000p\000l\000i\000c\000a\000t\000i\000o\000n\000\040\000p\000r\000i\000n\000c\000i\000p\000l\000e}{}% 51
\BOOKMARK [0][-]{chapter.17}{\376\377\000F\000a\000c\000t\000o\000r\000i\000a\000l\000s}{}% 52
\BOOKMARK [1][-]{section.17.1}{\376\377\000D\000i\000v\000i\000d\000i\000n\000g\000\040\000f\000a\000c\000t\000o\000r\000i\000a\000l\000s}{chapter.17}% 53
\BOOKMARK [1][-]{section.17.2}{\376\377\000S\000p\000e\000c\000i\000a\000l\000\040\000c\000a\000s\000e\000s}{chapter.17}% 54
\BOOKMARK [0][-]{chapter.18}{\376\377\000P\000e\000r\000m\000u\000t\000a\000t\000i\000o\000n\000s}{}% 55
\BOOKMARK [1][-]{section.18.1}{\376\377\000P\000e\000r\000m\000u\000t\000a\000t\000i\000o\000n\000s\000\040\000i\000n\000\040\000a\000\040\000c\000i\000r\000c\000l\000e}{chapter.18}% 56
\BOOKMARK [1][-]{section.18.2}{\376\377\000L\000i\000k\000e\000\040\000o\000b\000j\000e\000c\000t\000s\000\040\000r\000e\000p\000e\000t\000i\000t\000i\000o\000n\000s}{chapter.18}% 57
\BOOKMARK [1][-]{section.18.3}{\376\377\000R\000e\000s\000t\000r\000i\000c\000t\000i\000o\000n\000s}{chapter.18}% 58
\BOOKMARK [1][-]{section.18.4}{\376\377\000G\000r\000o\000u\000p\000e\000d\000\040\000i\000t\000e\000m\000s}{chapter.18}% 59
\BOOKMARK [1][-]{section.18.5}{\376\377\000S\000p\000e\000c\000i\000a\000l\000\040\000c\000a\000s\000e\000s}{chapter.18}% 60
\BOOKMARK [0][-]{chapter.19}{\376\377\000C\000o\000m\000b\000i\000n\000a\000t\000i\000o\000n\000s}{}% 61
\BOOKMARK [0][-]{chapter.20}{\376\377\000P\000a\000s\000c\000a\000l\000'\000s\000\040\000t\000r\000i\000a\000n\000g\000l\000e}{}% 62
\BOOKMARK [0][-]{chapter.21}{\376\377\000I\000n\000d\000e\000x\000\040\000l\000a\000w\000s}{}% 63
\BOOKMARK [0][-]{chapter.22}{\376\377\000G\000e\000o\000m\000e\000t\000r\000i\000c\000\040\000s\000e\000q\000u\000e\000n\000c\000e\000s}{}% 64
\BOOKMARK [0][-]{chapter.23}{\376\377\000E\000x\000p\000o\000n\000e\000n\000t\000i\000a\000l\000\040\000f\000u\000n\000c\000t\000i\000o\000n\000s}{}% 65
\BOOKMARK [0][-]{chapter.24}{\376\377\000T\000r\000a\000n\000s\000l\000a\000t\000i\000o\000n\000s}{}% 66
\BOOKMARK [1][-]{section.24.1}{\376\377\000x\000-\000a\000x\000i\000s}{chapter.24}% 67
\BOOKMARK [1][-]{section.24.2}{\376\377\000y\000-\000a\000x\000i\000s}{chapter.24}% 68
\BOOKMARK [0][-]{chapter.25}{\376\377\000D\000i\000l\000a\000t\000i\000o\000n\000s}{}% 69
\BOOKMARK [1][-]{section.25.1}{\376\377\000x\000-\000a\000x\000i\000s}{chapter.25}% 70
\BOOKMARK [1][-]{section.25.2}{\376\377\000y\000-\000a\000x\000i\000s}{chapter.25}% 71
\BOOKMARK [0][-]{chapter.26}{\376\377\000L\000o\000g\000a\000r\000i\000t\000h\000m\000s}{}% 72
\BOOKMARK [0][-]{chapter.27}{\376\377\000L\000a\000w\000s}{}% 73
\BOOKMARK [0][-]{chapter.28}{\376\377\000T\000h\000e\000\040\000g\000r\000a\000p\000h}{}% 74
\BOOKMARK [0][-]{chapter.29}{\376\377\000T\000h\000e\000\040\000c\000h\000a\000n\000g\000e\000\040\000o\000f\000\040\000b\000a\000s\000e\000\040\000t\000h\000e\000o\000r\000e\000m}{}% 75
\BOOKMARK [0][-]{chapter.30}{\376\377\000T\000r\000i\000g\000o\000n\000o\000m\000e\000t\000r\000i\000c\000\040\000f\000u\000n\000c\000t\000i\000o\000n\000s}{}% 76
\BOOKMARK [0][-]{chapter.31}{\376\377\000R\000a\000d\000i\000a\000n\000s\000\040\000a\000n\000d\000\040\000D\000e\000g\000r\000e\000e\000s}{}% 77
\BOOKMARK [1][-]{section.31.1}{\376\377\000C\000o\000n\000v\000e\000r\000t\000i\000n\000g\000\040\000b\000e\000t\000w\000e\000e\000n\000\040\000r\000a\000d\000i\000a\000n\000s\000\040\000a\000n\000d\000\040\000d\000e\000g\000r\000e\000e\000s}{chapter.31}% 78
\BOOKMARK [0][-]{chapter.32}{\376\377\000T\000h\000e\000\040\000u\000n\000i\000t\000\040\000c\000i\000r\000c\000l\000e}{}% 79
\BOOKMARK [0][-]{chapter.33}{\376\377\000E\000x\000a\000c\000t\000\040\000v\000a\000l\000u\000e\000s}{}% 80
\BOOKMARK [0][-]{chapter.34}{\376\377\000D\000e\000r\000i\000v\000a\000t\000i\000v\000e\000s}{}% 81
