\BOOKMARK [1][-]{section.0.1}{\376\377\000T\000h\000e\000\040\000p\000u\000r\000p\000o\000s\000e}{}% 1
\BOOKMARK [0][-]{chapter.1}{\376\377\000S\000e\000q\000u\000e\000n\000c\000e\000s}{}% 2
\BOOKMARK [1][-]{section.1.1}{\376\377\000A\000r\000i\000t\000h\000m\000e\000t\000i\000c\000\040\000s\000e\000q\000u\000e\000n\000c\000e\000s}{chapter.1}% 3
\BOOKMARK [2][-]{subsection.1.1.1}{\376\377\000R\000e\000c\000u\000r\000s\000i\000v\000e\000\040\000d\000e\000f\000i\000n\000i\000t\000i\000o\000n}{section.1.1}% 4
\BOOKMARK [2][-]{subsection.1.1.2}{\376\377\000G\000e\000n\000e\000r\000a\000l\000\040\000e\000q\000u\000a\000t\000i\000o\000n}{section.1.1}% 5
\BOOKMARK [2][-]{subsection.1.1.3}{\376\377\000S\000u\000m\000\040\000o\000f\000\040\000a\000l\000l\000\040\000p\000r\000i\000o\000r\000\040\000a\000r\000i\000t\000h\000m\000e\000t\000i\000c\000\040\000s\000e\000q\000u\000e\000n\000c\000e}{section.1.1}% 6
\BOOKMARK [1][-]{section.1.2}{\376\377\000G\000e\000o\000m\000e\000t\000r\000i\000c\000\040\000s\000e\000q\000u\000e\000n\000c\000e\000s}{chapter.1}% 7
\BOOKMARK [2][-]{subsection.1.2.1}{\376\377\000G\000e\000n\000e\000r\000a\000l\000\040\000e\000q\000u\000a\000t\000i\000o\000n}{section.1.2}% 8
\BOOKMARK [2][-]{subsection.1.2.2}{\376\377\000R\000e\000c\000u\000r\000s\000i\000v\000e\000\040\000d\000e\000f\000i\000n\000i\000t\000i\000o\000n}{section.1.2}% 9
\BOOKMARK [2][-]{subsection.1.2.3}{\376\377\000S\000u\000m}{section.1.2}% 10
\BOOKMARK [0][-]{chapter.2}{\376\377\000F\000u\000n\000c\000t\000i\000o\000n\000s\000\040\000a\000n\000d\000\040\000r\000e\000l\000a\000t\000i\000o\000n\000s}{}% 11
\BOOKMARK [1][-]{section.2.1}{\376\377\000F\000u\000n\000c\000t\000i\000o\000n\000s}{chapter.2}% 12
\BOOKMARK [1][-]{section.2.2}{\376\377\000I\000n\000t\000e\000r\000v\000a\000l\000\040\000n\000o\000t\000a\000t\000i\000o\000n}{chapter.2}% 13
\BOOKMARK [1][-]{section.2.3}{\376\377\000R\000e\000l\000a\000t\000i\000o\000n\000s}{chapter.2}% 14
\BOOKMARK [0][-]{chapter.3}{\376\377\000T\000r\000a\000n\000s\000f\000o\000r\000m\000a\000t\000i\000o\000n\000s}{}% 15
\BOOKMARK [1][-]{section.3.1}{\376\377\000D\000i\000l\000a\000t\000i\000o\000n\000s}{chapter.3}% 16
\BOOKMARK [1][-]{section.3.2}{\376\377\000R\000e\000f\000l\000e\000c\000t\000i\000o\000n\000s}{chapter.3}% 17
\BOOKMARK [1][-]{section.3.3}{\376\377\000T\000r\000a\000n\000s\000l\000a\000t\000i\000o\000n\000s}{chapter.3}% 18
\BOOKMARK [0][-]{chapter.4}{\376\377\000Q\000u\000a\000d\000r\000a\000t\000i\000c\000s}{}% 19
\BOOKMARK [1][-]{section.4.1}{\376\377\000G\000e\000n\000e\000r\000a\000l\000\040\000o\000r\000\040\000p\000o\000l\000y\000n\000o\000m\000i\000a\000l\000\040\000f\000o\000r\000m}{chapter.4}% 20
\BOOKMARK [1][-]{section.4.2}{\376\377\000T\000u\000r\000n\000i\000n\000g\000\040\000p\000o\000i\000n\000t\000\040\000f\000o\000r\000m}{chapter.4}% 21
\BOOKMARK [1][-]{section.4.3}{\376\377\000F\000a\000c\000t\000o\000r\000i\000z\000e\000d\000\040\000o\000r\000\040\000x\000-\000i\000n\000t\000e\000r\000c\000e\000p\000t\000\040\000f\000o\000r\000m}{chapter.4}% 22
\BOOKMARK [1][-]{section.4.4}{\376\377\000T\000h\000e\000\040\000d\000i\000s\000c\000r\000i\000m\000i\000n\000a\000n\000t}{chapter.4}% 23
\BOOKMARK [1][-]{section.4.5}{\376\377\000E\000q\000u\000a\000t\000i\000o\000n\000s\000\040\000f\000r\000o\000m\000\040\000g\000r\000a\000p\000h\000s}{chapter.4}% 24
\BOOKMARK [1][-]{section.4.6}{\376\377\000S\000o\000l\000v\000i\000n\000g\000\040\000q\000u\000a\000d\000r\000a\000t\000i\000c\000\040\000e\000q\000u\000a\000t\000i\000o\000n\000s}{chapter.4}% 25
\BOOKMARK [2][-]{subsection.4.6.1}{\376\377\000N\000u\000l\000l\000\040\000f\000a\000c\000t\000o\000r\000\040\000l\000a\000w}{section.4.6}% 26
\BOOKMARK [2][-]{subsection.4.6.2}{\376\377\000Q\000u\000a\000d\000r\000a\000t\000i\000c\000\040\000e\000q\000u\000a\000t\000i\000o\000n}{section.4.6}% 27
\BOOKMARK [2][-]{subsection.4.6.3}{\376\377\000C\000o\000m\000p\000l\000e\000t\000i\000n\000g\000\040\000t\000h\000e\000\040\000s\000q\000u\000a\000r\000e}{section.4.6}% 28
\BOOKMARK [0][-]{chapter.5}{\376\377\000F\000a\000c\000t\000o\000r\000i\000z\000i\000n\000g}{}% 29
\BOOKMARK [1][-]{section.5.1}{\376\377\000P\000e\000r\000f\000e\000c\000t\000\040\000s\000q\000u\000a\000r\000e\000s}{chapter.5}% 30
\BOOKMARK [1][-]{section.5.2}{\376\377\000D\000i\000f\000f\000e\000r\000e\000n\000c\000e\000\040\000o\000f\000\040\000s\000q\000u\000a\000r\000e\000s}{chapter.5}% 31
\BOOKMARK [1][-]{section.5.3}{\376\377\000E\000q\000u\000a\000t\000i\000o\000n\000s\000\040\000t\000h\000a\000t\000\040\000r\000e\000d\000u\000c\000e\000\040\000t\000o\000\040\000q\000u\000a\000d\000r\000a\000t\000i\000c\000\040\000f\000o\000r\000m}{chapter.5}% 32
\BOOKMARK [0][-]{chapter.6}{\376\377\000H\000y\000p\000e\000r\000b\000o\000l\000a\000s}{}% 33
\BOOKMARK [1][-]{section.6.1}{\376\377\000T\000r\000a\000n\000s\000f\000o\000r\000m\000a\000t\000i\000o\000n\000s}{chapter.6}% 34
\BOOKMARK [2][-]{subsection.6.1.1}{\376\377\000D\000i\000l\000a\000t\000i\000o\000n}{section.6.1}% 35
\BOOKMARK [2][-]{subsection.6.1.2}{\376\377\000T\000r\000a\000n\000s\000l\000a\000t\000i\000o\000n\000s}{section.6.1}% 36
\BOOKMARK [1][-]{section.6.2}{\376\377\000I\000n\000v\000e\000r\000s\000e\000\040\000p\000r\000o\000p\000o\000r\000t\000i\000o\000n}{chapter.6}% 37
\BOOKMARK [0][-]{chapter.7}{\376\377\000C\000i\000r\000c\000l\000e\000s}{}% 38
\BOOKMARK [0][-]{chapter.8}{\376\377\000P\000o\000l\000y\000n\000o\000m\000i\000a\000l\000s}{}% 39
\BOOKMARK [1][-]{section.8.1}{\376\377\000D\000i\000v\000i\000s\000i\000o\000n}{chapter.8}% 40
\BOOKMARK [1][-]{section.8.2}{\376\377\000R\000e\000m\000a\000i\000n\000d\000e\000r\000\040\000t\000h\000e\000o\000r\000e\000m}{chapter.8}% 41
\BOOKMARK [1][-]{section.8.3}{\376\377\000F\000a\000c\000t\000o\000r\000\040\000t\000h\000e\000o\000r\000e\000m}{chapter.8}% 42
\BOOKMARK [1][-]{section.8.4}{\376\377\000F\000a\000c\000t\000o\000r\000i\000z\000i\000n\000g\000\040\000p\000o\000l\000y\000n\000o\000m\000i\000a\000l\000s}{chapter.8}% 43
\BOOKMARK [0][-]{chapter.9}{\376\377\000P\000r\000o\000b\000a\000b\000i\000l\000i\000t\000i\000e\000s}{}% 44
\BOOKMARK [1][-]{section.9.1}{\376\377\000T\000e\000r\000m\000s}{chapter.9}% 45
\BOOKMARK [1][-]{section.9.2}{\376\377\000V\000e\000n\000n\000\040\000d\000i\000a\000g\000r\000a\000m\000s}{chapter.9}% 46
\BOOKMARK [1][-]{section.9.3}{\376\377\000A\000d\000d\000i\000t\000i\000o\000n}{chapter.9}% 47
\BOOKMARK [1][-]{section.9.4}{\376\377\000P\000r\000o\000b\000a\000b\000i\000l\000i\000t\000y\000\040\000t\000a\000b\000l\000e\000s}{chapter.9}% 48
\BOOKMARK [1][-]{section.9.5}{\376\377\000T\000r\000e\000e\000\040\000d\000i\000a\000g\000r\000a\000m\000s}{chapter.9}% 49
\BOOKMARK [1][-]{section.9.6}{\376\377\000C\000o\000n\000d\000i\000t\000i\000o\000n\000a\000l\000\040\000p\000r\000o\000b\000a\000b\000i\000l\000i\000t\000y}{chapter.9}% 50
\BOOKMARK [1][-]{section.9.7}{\376\377\000M\000u\000l\000t\000i\000p\000l\000i\000c\000a\000t\000i\000o\000n}{chapter.9}% 51
\BOOKMARK [1][-]{section.9.8}{\376\377\000I\000n\000d\000e\000p\000e\000n\000d\000e\000n\000c\000e}{chapter.9}% 52
\BOOKMARK [1][-]{section.9.9}{\376\377\000A\000d\000d\000i\000t\000i\000o\000n\000\040\000p\000r\000i\000n\000c\000i\000p\000l\000e}{chapter.9}% 53
\BOOKMARK [1][-]{section.9.10}{\376\377\000M\000u\000l\000t\000i\000p\000l\000i\000c\000a\000t\000i\000o\000n\000\040\000p\000r\000i\000n\000c\000i\000p\000l\000e}{chapter.9}% 54
\BOOKMARK [0][-]{chapter.10}{\376\377\000F\000a\000c\000t\000o\000r\000i\000a\000l\000s}{}% 55
\BOOKMARK [1][-]{section.10.1}{\376\377\000D\000i\000v\000i\000d\000i\000n\000g\000\040\000f\000a\000c\000t\000o\000r\000i\000a\000l\000s}{chapter.10}% 56
\BOOKMARK [1][-]{section.10.2}{\376\377\000S\000p\000e\000c\000i\000a\000l\000\040\000c\000a\000s\000e\000s}{chapter.10}% 57
\BOOKMARK [0][-]{chapter.11}{\376\377\000P\000e\000r\000m\000u\000t\000a\000t\000i\000o\000n\000s}{}% 58
\BOOKMARK [1][-]{section.11.1}{\376\377\000P\000e\000r\000m\000u\000t\000a\000t\000i\000o\000n\000s\000\040\000i\000n\000\040\000a\000\040\000c\000i\000r\000c\000l\000e}{chapter.11}% 59
\BOOKMARK [1][-]{section.11.2}{\376\377\000L\000i\000k\000e\000\040\000o\000b\000j\000e\000c\000t\000s\000\040\000r\000e\000p\000e\000t\000i\000t\000i\000o\000n\000s}{chapter.11}% 60
\BOOKMARK [1][-]{section.11.3}{\376\377\000R\000e\000s\000t\000r\000i\000c\000t\000i\000o\000n\000s}{chapter.11}% 61
\BOOKMARK [1][-]{section.11.4}{\376\377\000G\000r\000o\000u\000p\000e\000d\000\040\000i\000t\000e\000m\000s}{chapter.11}% 62
\BOOKMARK [1][-]{section.11.5}{\376\377\000S\000p\000e\000c\000i\000a\000l\000\040\000c\000a\000s\000e\000s}{chapter.11}% 63
\BOOKMARK [0][-]{chapter.12}{\376\377\000C\000o\000m\000b\000i\000n\000a\000t\000i\000o\000n\000s}{}% 64
\BOOKMARK [1][-]{section.12.1}{\376\377\000P\000a\000s\000c\000a\000l\000'\000s\000\040\000t\000r\000i\000a\000n\000g\000l\000e}{chapter.12}% 65
\BOOKMARK [0][-]{chapter.13}{\376\377\000I\000n\000d\000e\000x\000\040\000l\000a\000w\000s}{}% 66
\BOOKMARK [0][-]{chapter.14}{\376\377\000E\000x\000p\000o\000n\000e\000n\000t\000i\000a\000l\000\040\000f\000u\000n\000c\000t\000i\000o\000n\000s}{}% 67
\BOOKMARK [1][-]{section.14.1}{\376\377\000T\000r\000a\000n\000s\000l\000a\000t\000i\000o\000n\000s}{chapter.14}% 68
\BOOKMARK [2][-]{subsection.14.1.1}{\376\377\000x\000-\000a\000x\000i\000s}{section.14.1}% 69
\BOOKMARK [2][-]{subsection.14.1.2}{\376\377\000y\000-\000a\000x\000i\000s}{section.14.1}% 70
\BOOKMARK [1][-]{section.14.2}{\376\377\000D\000i\000l\000a\000t\000i\000o\000n\000s}{chapter.14}% 71
\BOOKMARK [2][-]{subsection.14.2.1}{\376\377\000x\000-\000a\000x\000i\000s}{section.14.2}% 72
\BOOKMARK [2][-]{subsection.14.2.2}{\376\377\000y\000-\000a\000x\000i\000s}{section.14.2}% 73
\BOOKMARK [0][-]{chapter.15}{\376\377\000L\000o\000g\000a\000r\000i\000t\000h\000m\000s}{}% 74
\BOOKMARK [1][-]{section.15.1}{\376\377\000L\000a\000w\000s}{chapter.15}% 75
\BOOKMARK [1][-]{section.15.2}{\376\377\000T\000h\000e\000\040\000c\000h\000a\000n\000g\000e\000\040\000o\000f\000\040\000b\000a\000s\000e\000\040\000t\000h\000e\000o\000r\000e\000m}{chapter.15}% 76
\BOOKMARK [0][-]{chapter.16}{\376\377\000T\000r\000i\000g\000o\000n\000o\000m\000e\000t\000r\000y}{}% 77
\BOOKMARK [1][-]{section.16.1}{\376\377\000R\000a\000d\000i\000a\000n\000s\000\040\000a\000n\000d\000\040\000D\000e\000g\000r\000e\000e\000s}{chapter.16}% 78
\BOOKMARK [1][-]{section.16.2}{\376\377\000C\000o\000n\000v\000e\000r\000t\000i\000n\000g\000\040\000b\000e\000t\000w\000e\000e\000n\000\040\000r\000a\000d\000i\000a\000n\000s\000\040\000a\000n\000d\000\040\000d\000e\000g\000r\000e\000e\000s}{chapter.16}% 79
\BOOKMARK [1][-]{section.16.3}{\376\377\000T\000h\000e\000\040\000u\000n\000i\000t\000\040\000c\000i\000r\000c\000l\000e}{chapter.16}% 80
\BOOKMARK [1][-]{section.16.4}{\376\377\000Q\000u\000a\000d\000r\000a\000n\000t\000s}{chapter.16}% 81
\BOOKMARK [1][-]{section.16.5}{\376\377\000E\000x\000a\000c\000t\000\040\000v\000a\000l\000u\000e\000s}{chapter.16}% 82
\BOOKMARK [1][-]{section.16.6}{\376\377\000S\000i\000n\000e}{chapter.16}% 83
\BOOKMARK [1][-]{section.16.7}{\376\377\000C\000o\000s\000i\000n\000e}{chapter.16}% 84
\BOOKMARK [1][-]{section.16.8}{\376\377\000T\000r\000a\000n\000s\000f\000o\000r\000m\000a\000t\000i\000o\000n\000s}{chapter.16}% 85
\BOOKMARK [2][-]{subsection.16.8.1}{\376\377\000A\000m\000p\000l\000i\000t\000u\000d\000e}{section.16.8}% 86
\BOOKMARK [2][-]{subsection.16.8.2}{\376\377\000P\000e\000r\000i\000o\000d}{section.16.8}% 87
\BOOKMARK [2][-]{subsection.16.8.3}{\376\377\000E\000q\000u\000i\000l\000i\000b\000r\000i\000u\000m}{section.16.8}% 88
\BOOKMARK [2][-]{subsection.16.8.4}{\376\377\000P\000h\000a\000s\000e}{section.16.8}% 89
\BOOKMARK [0][-]{chapter.17}{\376\377\000D\000e\000r\000i\000v\000a\000t\000i\000v\000e\000s}{}% 90
\BOOKMARK [1][-]{section.17.1}{\376\377\000R\000a\000t\000e\000\040\000o\000f\000\040\000c\000h\000a\000n\000g\000e}{chapter.17}% 91
\BOOKMARK [2][-]{subsection.17.1.1}{\376\377\000C\000o\000n\000s\000t\000a\000n\000t}{section.17.1}% 92
\BOOKMARK [2][-]{subsection.17.1.2}{\376\377\000A\000v\000e\000r\000a\000g\000e}{section.17.1}% 93
\BOOKMARK [2][-]{subsection.17.1.3}{\376\377\000I\000n\000s\000t\000a\000n\000t\000a\000n\000i\000o\000u\000s}{section.17.1}% 94
\BOOKMARK [1][-]{section.17.2}{\376\377\000L\000i\000m\000i\000t\000s}{chapter.17}% 95
\BOOKMARK [1][-]{section.17.3}{\376\377\000F\000i\000r\000s\000t\000\040\000p\000r\000i\000n\000c\000i\000p\000l\000e\000s}{chapter.17}% 96
\BOOKMARK [1][-]{section.17.4}{\376\377\000D\000e\000r\000i\000v\000a\000t\000i\000v\000e\000s}{chapter.17}% 97
\BOOKMARK [2][-]{subsection.17.4.1}{\376\377\000V\000e\000l\000o\000c\000i\000t\000y\000\040\000a\000n\000d\000\040\000a\000c\000c\000e\000l\000e\000r\000a\000t\000i\000o\000n}{section.17.4}% 98
\BOOKMARK [2][-]{subsection.17.4.2}{\376\377\000S\000t\000a\000t\000i\000o\000n\000a\000r\000y\000\040\000p\000o\000i\000n\000t\000s}{section.17.4}% 99
\BOOKMARK [2][-]{subsection.17.4.3}{\376\377\000P\000r\000o\000d\000u\000c\000t\000\040\000r\000u\000l\000e}{section.17.4}% 100
\BOOKMARK [2][-]{subsection.17.4.4}{\376\377\000C\000h\000a\000i\000n\000\040\000r\000u\000l\000e}{section.17.4}% 101
\BOOKMARK [2][-]{subsection.17.4.5}{\376\377\000Q\000u\000o\000t\000i\000e\000n\000t\000\040\000r\000u\000l\000e}{section.17.4}% 102
\BOOKMARK [2][-]{subsection.17.4.6}{\376\377\000P\000o\000w\000e\000r\000\040\000r\000u\000l\000e}{section.17.4}% 103
\BOOKMARK [0][-]{chapter.18}{\376\377\000P\000r\000o\000b\000a\000b\000i\000l\000i\000t\000y\000\040\000d\000i\000s\000t\000r\000i\000b\000u\000t\000i\000o\000n\000s}{}% 104
\BOOKMARK [1][-]{section.18.1}{\376\377\000V\000a\000r\000i\000a\000b\000l\000e\000s}{chapter.18}% 105
\BOOKMARK [1][-]{section.18.2}{\376\377\000C\000a\000l\000c\000u\000l\000a\000t\000i\000n\000g\000\040\000p\000r\000o\000b\000a\000b\000i\000l\000i\000t\000y\000\040\000d\000i\000s\000t\000r\000i\000b\000u\000t\000i\000o\000n\000s}{chapter.18}% 106
\BOOKMARK [1][-]{section.18.3}{\376\377\000E\000x\000p\000e\000c\000t\000e\000d\000\040\000v\000a\000l\000u\000e\000s}{chapter.18}% 107
\BOOKMARK [1][-]{section.18.4}{\376\377\000S\000t\000a\000n\000d\000a\000r\000d\000\040\000d\000i\000s\000t\000r\000i\000b\000u\000t\000i\000o\000n}{chapter.18}% 108
\BOOKMARK [1][-]{section.18.5}{\376\377\000V\000a\000r\000i\000a\000n\000c\000e}{chapter.18}% 109
